<?xml version="1.0" encoding="UTF-8"?>
<!-- Generated by org.testng.reporters.JUnitXMLReporter -->
<testsuite ignored="1" hostname="DESKTOP-I9CM7OT" failures="0" tests="1" name="Course_Work" time="11.016" errors="0" timestamp="2022-04-10T17:48:52 EEST">
  <testcase classname="qa.automation.AddToCart" name="addItemToTheCart" time="1.654"/>
  <testcase classname="qa.automation.AddToCart" name="selectDifferentOrder" time="0.0">
    <ignored/>
  </testcase> <!-- selectDifferentOrder -->
</testsuite> <!-- Course_Work -->
