<?xml version="1.0" encoding="UTF-8"?>
<!-- Generated by org.testng.reporters.JUnitXMLReporter -->
<testsuite ignored="0" hostname="DESKTOP-I9CM7OT" failures="0" tests="3" name="SuccessfulLogin" time="71.775" errors="0" timestamp="2022-04-14T22:09:39 EEST">
  <testcase classname="qa.automation.SuccessfulLogin" name="SuccessfulLoginTest" time="2.398"/>
  <testcase classname="qa.automation.SuccessfulLogin" name="SuccessfulLoginTest" time="0.926"/>
  <testcase classname="qa.automation.SuccessfulLogin" name="SuccessfulLoginTest" time="7.463"/>
</testsuite> <!-- SuccessfulLogin -->
