<?xml version="1.0" encoding="UTF-8"?>
<!-- Generated by org.testng.reporters.JUnitXMLReporter -->
<testsuite ignored="0" hostname="DESKTOP-I9CM7OT" failures="0" tests="3" name="UnsuccessfulLogin" time="71.786" errors="0" timestamp="2022-04-14T22:09:39 EEST">
  <testcase classname="qa.automation.UnsuccessfulLogin" name="UnsuccessfulLoginTest" time="2.746"/>
  <testcase classname="qa.automation.UnsuccessfulLogin" name="UnsuccessfulLoginTest" time="1.829"/>
  <testcase classname="qa.automation.UnsuccessfulLogin" name="UnsuccessfulLoginTest" time="4.089"/>
</testsuite> <!-- UnsuccessfulLogin -->
